<?xml version="1.0" encoding="utf-8"?><testsuites name="pytest tests"><testsuite name="pytest" errors="0" failures="0" skipped="0" tests="29" time="16.067" timestamp="2026-04-18T19:50:50.129181+00:00" hostname="agent-env-48d161df-e457-41ab-8fe6-e74e68c3cbd3"><testcase classname="tests.test_aqbobek_api.TestAuth" name="test_director_login_success" time="0.498" /><testcase classname="tests.test_aqbobek_api.TestAuth" name="test_teacher_login_success" time="0.359" /><testcase classname="tests.test_aqbobek_api.TestAuth" name="test_login_invalid_credentials" time="0.142" /><testcase classname="tests.test_aqbobek_api.TestAuth" name="test_auth_me_with_token" time="0.493" /><testcase classname="tests.test_aqbobek_api.TestAuth" name="test_auth_me_without_token" time="0.150" /><testcase classname="tests.test_aqbobek_api.TestDashboard" name="test_dashboard_stats_requires_auth" time="0.134" /><testcase classname="tests.test_aqbobek_api.TestDashboard" name="test_dashboard_stats_returns_data" time="0.486" /><testcase classname="tests.test_aqbobek_api.TestDashboard" name="test_dashboard_heatmap" time="0.443" /><testcase classname="tests.test_aqbobek_api.TestEmployees" name="test_list_employees" time="0.494" /><testcase classname="tests.test_aqbobek_api.TestEmployees" name="test_create_employee_director_only" time="1.292" /><testcase classname="tests.test_aqbobek_api.TestIncidents" name="test_list_incidents" time="0.432" /><testcase classname="tests.test_aqbobek_api.TestIncidents" name="test_create_incident" time="0.668" /><testcase classname="tests.test_aqbobek_api.TestTasks" name="test_list_tasks_director" time="0.426" /><testcase classname="tests.test_aqbobek_api.TestTasks" name="test_list_tasks_mine" time="0.441" /><testcase classname="tests.test_aqbobek_api.TestTasks" name="test_create_and_update_task" time="0.681" /><testcase classname="tests.test_aqbobek_api.TestCanteen" name="test_canteen_list" time="0.448" /><testcase classname="tests.test_aqbobek_api.TestCanteen" name="test_canteen_summary" time="0.467" /><testcase classname="tests.test_aqbobek_api.TestCanteen" name="test_canteen_create" time="0.438" /><testcase classname="tests.test_aqbobek_api.TestSchedule" name="test_schedule_list" time="0.441" /><testcase classname="tests.test_aqbobek_api.TestSchedule" name="test_schedule_filter_by_class" time="0.464" /><testcase classname="tests.test_aqbobek_api.TestSchedule" name="test_schedule_create_conflict_detection" time="0.659" /><testcase classname="tests.test_aqbobek_api.TestSchedule" name="test_schedule_create_delete_director_only" time="1.161" /><testcase classname="tests.test_aqbobek_api.TestAIScheduleGenerator" name="test_generate_schedule" time="0.440" /><testcase classname="tests.test_aqbobek_api.TestAISubstitute" name="test_substitute_teacher" time="0.568" /><testcase classname="tests.test_aqbobek_api.TestAIVoiceParse" name="test_voice_parse" time="1.137" /><testcase classname="tests.test_aqbobek_api.TestAIOrdersSimplify" name="test_orders_simplify" time="1.206" /><testcase classname="tests.test_aqbobek_api.TestClasses" name="test_list_classes" time="0.433" /><testcase classname="tests.test_aqbobek_api.TestMessages" name="test_messages_feed" time="0.449" /><testcase classname="tests.test_aqbobek_api.TestSubstitutions" name="test_list_substitutions" time="0.487" /></testsuite></testsuites>