<?xml version="1.0" encoding="utf-8"?><testsuites name="pytest tests"><testsuite name="pytest" errors="0" failures="0" skipped="0" tests="25" time="6.574" timestamp="2026-04-18T20:44:32.833476+00:00" hostname="agent-env-48d161df-e457-41ab-8fe6-e74e68c3cbd3"><testcase classname="backend.tests.test_v2_features.TestRibbonStrategies" name="test_get_strategies_returns_4" time="0.589" /><testcase classname="backend.tests.test_v2_features.TestRibbonValidation" name="test_valid_split_ribbon" time="0.143" /><testcase classname="backend.tests.test_v2_features.TestRibbonValidation" name="test_same_teacher_in_2_groups_conflict" time="0.105" /><testcase classname="backend.tests.test_v2_features.TestRibbonValidation" name="test_same_room_in_2_groups_conflict" time="0.203" /><testcase classname="backend.tests.test_v2_features.TestRibbonValidation" name="test_same_student_in_2_groups_conflict" time="0.137" /><testcase classname="backend.tests.test_v2_features.TestRibbonValidation" name="test_split_with_2_classes_conflict" time="0.221" /><testcase classname="backend.tests.test_v2_features.TestRibbonValidation" name="test_parallel_level_different_parallels_conflict" time="0.098" /><testcase classname="backend.tests.test_v2_features.TestRibbonValidation" name="test_teacher_busy_in_schedule_conflict" time="0.293" /><testcase classname="backend.tests.test_v2_features.TestRibbonCRUD" name="test_create_valid_ribbon" time="0.230" /><testcase classname="backend.tests.test_v2_features.TestRibbonCRUD" name="test_create_invalid_ribbon_returns_409" time="0.239" /><testcase classname="backend.tests.test_v2_features.TestRibbonCRUD" name="test_get_ribbons_returns_list" time="0.115" /><testcase classname="backend.tests.test_v2_features.TestRibbonCRUD" name="test_delete_ribbon_director_only" time="0.836" /><testcase classname="backend.tests.test_v2_features.TestSubstitutionWorkflow" name="test_substitution_request" time="0.241" /><testcase classname="backend.tests.test_v2_features.TestSubstitutionWorkflow" name="test_pending_for_me" time="0.436" /><testcase classname="backend.tests.test_v2_features.TestSubstitutionWorkflow" name="test_decide_from_wrong_user_returns_403" time="0.340" /><testcase classname="backend.tests.test_v2_features.TestAITaskEstimation" name="test_estimate_duration" time="0.669" /><testcase classname="backend.tests.test_v2_features.TestTaskPlacement" name="test_place_task" time="0.249" /><testcase classname="backend.tests.test_v2_features.TestAdminOverrides" name="test_clear_day" time="0.236" /><testcase classname="backend.tests.test_v2_features.TestAdminOverrides" name="test_clear_week" time="0.335" /><testcase classname="backend.tests.test_v2_features.TestAdminOverrides" name="test_non_director_cannot_clear" time="0.111" /><testcase classname="backend.tests.test_v2_features.TestAuditLog" name="test_get_audit_list" time="0.114" /><testcase classname="backend.tests.test_v2_features.TestAuditLog" name="test_audit_filter_by_entity" time="0.158" /><testcase classname="backend.tests.test_v2_features.TestAuditLog" name="test_non_director_cannot_view_audit" time="0.111" /><testcase classname="backend.tests.test_v2_features.TestPermissions" name="test_non_director_cannot_create_ribbon" time="0.104" /><testcase classname="backend.tests.test_v2_features.TestPermissions" name="test_non_director_cannot_validate_ribbon" time="0.123" /></testsuite></testsuites>